<?xml version="1.0" encoding="UTF-8"?>
<testng-results ignored="0" total="1" passed="1" failed="0" skipped="0">
  <reporter-output>
  </reporter-output>
  <suite started-at="2021-09-30T22:21:21 EDT" name="Default suite" finished-at="2021-09-30T22:21:27 EDT" duration-ms="5561">
    <groups>
    </groups>
    <test started-at="2021-09-30T22:21:21 EDT" name="Default test" finished-at="2021-09-30T22:21:27 EDT" duration-ms="5561">
      <class name="com.testNG.test.TestNGtest">
        <test-method is-config="true" signature="setUp()[pri:0, instance:com.testNG.test.TestNGtest@66d3eec0]" started-at="2021-09-30T22:21:21 EDT" name="setUp" finished-at="2021-09-30T22:21:27 EDT" duration-ms="5462" status="PASS">
          <reporter-output>
          </reporter-output>
        </test-method> <!-- setUp -->
        <test-method signature="b()[pri:0, instance:com.testNG.test.TestNGtest@66d3eec0]" started-at="2021-09-30T22:21:27 EDT" name="b" finished-at="2021-09-30T22:21:27 EDT" duration-ms="14" status="PASS">
          <reporter-output>
          </reporter-output>
        </test-method> <!-- b -->
      </class> <!-- com.testNG.test.TestNGtest -->
    </test> <!-- Default test -->
  </suite> <!-- Default suite -->
</testng-results>
