<?xml version="1.0" encoding="UTF-8"?>
<testng-results ignored="0" total="1" passed="1" failed="0" skipped="0">
  <reporter-output>
  </reporter-output>
  <suite started-at="2021-10-17T22:54:04 EDT" name="Default suite" finished-at="2021-10-17T22:54:04 EDT" duration-ms="45">
    <groups>
    </groups>
    <test started-at="2021-10-17T22:54:04 EDT" name="Default test" finished-at="2021-10-17T22:54:04 EDT" duration-ms="45">
      <class name="com.convertStringToInt.ConvertPractice">
        <test-method signature="convertStringToInt()[pri:0, instance:com.convertStringToInt.ConvertPractice@2053d869]" started-at="2021-10-17T22:54:04 EDT" name="convertStringToInt" finished-at="2021-10-17T22:54:04 EDT" duration-ms="6" status="PASS">
          <reporter-output>
          </reporter-output>
        </test-method> <!-- convertStringToInt -->
      </class> <!-- com.convertStringToInt.ConvertPractice -->
    </test> <!-- Default test -->
  </suite> <!-- Default suite -->
</testng-results>
